<?xml version="1.0" encoding="UTF-8"?>
<!-- Generated by org.testng.reporters.JUnitReportReporter -->
<testsuite skipped="0" hostname="LAPTOP-MNL8F5BN" name="com.mmt.practise.TC_000gruops_test" tests="2" failures="0" timestamp="2021-10-26T13:50:09 IST" time="39.858" errors="0">
  <testcase name="createOrgwith_DDTest" time="21.036" classname="com.mmt.practise.TC_000gruops_test"/>
  <system-out/>
  <testcase name="createorgwithDD" time="18.822" classname="com.mmt.practise.TC_000gruops_test"/>
  <system-out>
    <![CDATA[created contacts]]>
  </system-out>
</testsuite> <!-- com.mmt.practise.TC_000gruops_test -->
