<?xml version="1.0" encoding="UTF-8"?>
<!-- Generated by org.testng.reporters.JUnitReportReporter -->
<testsuite skipped="0" hostname="LAPTOP-MNL8F5BN" name="com.mmt.practise.createOrgwith_DDTest" tests="1" failures="0" timestamp="2021-10-08T14:45:03 IST" time="13.443" errors="0">
  <testcase name="createorgwithDD" time="13.443" classname="com.mmt.practise.createOrgwith_DDTest"/>
  <system-out/>
</testsuite> <!-- com.mmt.practise.createOrgwith_DDTest -->
