<?xml version="1.0" encoding="UTF-8"?>
<!-- Generated by org.testng.reporters.JUnitReportReporter -->
<testsuite skipped="0" hostname="LAPTOP-MNL8F5BN" name="com.priority.practise.disableTestcase" tests="1" failures="0" timestamp="2021-10-24T10:34:36 IST" time="0.005" errors="0">
  <testcase name="createorg" time="0.005" classname="com.priority.practise.disableTestcase"/>
  <system-out/>
</testsuite> <!-- com.priority.practise.disableTestcase -->
