<?xml version="1.0" encoding="UTF-8"?>
<!-- Generated by org.testng.reporters.JUnitReportReporter -->
<testsuite skipped="0" hostname="LAPTOP-MNL8F5BN" name="com.practise.JDBCutil" tests="1" failures="0" timestamp="2021-10-08T12:21:56 IST" time="0.247" errors="0">
  <testcase name="getExecuteQuery" time="0.247" classname="com.practise.JDBCutil"/>
  <system-out/>
</testsuite> <!-- com.practise.JDBCutil -->
