<?xml version="1.0" encoding="UTF-8"?>
<!-- Generated by org.testng.reporters.JUnitReportReporter -->
<testsuite skipped="0" hostname="LAPTOP-MNL8F5BN" name="com.SDETHYD_1.practise.TC_008_MouseHoverTest" tests="1" failures="0" timestamp="2021-10-12T12:21:42 IST" time="9.251" errors="0">
  <testcase name="createorgwithDD" time="9.251" classname="com.SDETHYD_1.practise.TC_008_MouseHoverTest"/>
  <system-out/>
</testsuite> <!-- com.SDETHYD_1.practise.TC_008_MouseHoverTest -->
