<?xml version="1.0" encoding="UTF-8"?>
<!-- Generated by org.testng.reporters.JUnitReportReporter -->
<testsuite skipped="0" hostname="LAPTOP-MNL8F5BN" name="com.SDETHYD_1.practise.TC_002_CreateOrgwith_DDT" tests="1" failures="0" timestamp="2021-10-09T11:44:59 IST" time="21.040" errors="0">
  <testcase name="createorgwithDD" time="21.040" classname="com.SDETHYD_1.practise.TC_002_CreateOrgwith_DDT"/>
  <system-out/>
</testsuite> <!-- com.SDETHYD_1.practise.TC_002_CreateOrgwith_DDT -->
