<?xml version="1.0" encoding="UTF-8"?>
<!-- Generated by org.testng.reporters.JUnitReportReporter -->
<testsuite skipped="0" hostname="LAPTOP-MNL8F5BN" name="com.priority.practise.priority2" tests="3" failures="0" timestamp="2021-10-24T10:34:03 IST" time="0.006" errors="0">
  <testcase name="deleteteorg" time="0.005" classname="com.priority.practise.priority2"/>
  <system-out/>
  <testcase name="modify" time="0.001" classname="com.priority.practise.priority2"/>
  <system-out/>
  <testcase name="createorg" time="0.000" classname="com.priority.practise.priority2"/>
  <system-out/>
</testsuite> <!-- com.priority.practise.priority2 -->
