<?xml version="1.0" encoding="UTF-8"?>
<!-- Generated by org.testng.reporters.JUnitReportReporter -->
<testsuite skipped="0" hostname="LAPTOP-MNL8F5BN" name="com.mmt.practise.createcontactswith_DDTest" tests="1" failures="0" timestamp="2021-10-08T14:40:35 IST" time="24.801" errors="0">
  <testcase name="createOrgwith_DDTest" time="24.801" classname="com.mmt.practise.createcontactswith_DDTest"/>
  <system-out/>
</testsuite> <!-- com.mmt.practise.createcontactswith_DDTest -->
