<?xml version="1.0" encoding="UTF-8"?>
<!-- Generated by org.testng.reporters.JUnitReportReporter -->
<testsuite skipped="0" hostname="LAPTOP-MNL8F5BN" name="com.priority.practise.InvocationCount" tests="5" failures="0" timestamp="2021-10-20T17:25:42 IST" time="0.007" errors="0">
  <testcase name="createorg" time="0.000" classname="com.priority.practise.InvocationCount"/>
  <system-out/>
  <testcase name="createorg" time="0.001" classname="com.priority.practise.InvocationCount"/>
  <system-out/>
  <testcase name="createorg" time="0.001" classname="com.priority.practise.InvocationCount"/>
  <system-out/>
  <testcase name="createorg" time="0.000" classname="com.priority.practise.InvocationCount"/>
  <system-out/>
  <testcase name="createorg" time="0.005" classname="com.priority.practise.InvocationCount"/>
  <system-out/>
</testsuite> <!-- com.priority.practise.InvocationCount -->
