<?xml version="1.0" encoding="UTF-8"?>
<!-- Generated by org.testng.reporters.JUnitReportReporter -->
<testsuite skipped="0" hostname="LAPTOP-MNL8F5BN" name="com.practise.CONNutil" tests="1" failures="0" timestamp="2021-10-07T17:32:09 IST" time="0.356" errors="0">
  <testcase name="getExecteUpdate" time="0.356" classname="com.practise.CONNutil"/>
  <system-out/>
</testsuite> <!-- com.practise.CONNutil -->
