<?xml version="1.0" encoding="UTF-8"?>
<!-- Generated by org.testng.reporters.JUnitReportReporter -->
<testsuite skipped="0" hostname="LAPTOP-MNL8F5BN" name="com.mmt.practise.TC_001_createOrgwith_DDTest" tests="1" failures="0" timestamp="2021-10-26T13:44:22 IST" time="18.777" errors="0">
  <testcase name="createorgwithDD" time="18.777" classname="com.mmt.practise.TC_001_createOrgwith_DDTest"/>
  <system-out>
    <![CDATA[crated contacts]]>
  </system-out>
</testsuite> <!-- com.mmt.practise.TC_001_createOrgwith_DDTest -->
