<?xml version="1.0" encoding="UTF-8"?>
<!-- Generated by org.testng.reporters.JUnitReportReporter -->
<testsuite skipped="0" hostname="LAPTOP-MNL8F5BN" name="com.mmt.practise.TC_000gruops_test" tests="2" failures="0" timestamp="2021-10-26T14:21:50 IST" time="41.780" errors="0">
  <testcase name="createOrgwith_DDTest" time="18.982" classname="com.mmt.practise.TC_000gruops_test"/>
  <system-out/>
  <testcase name="createorgwithDD" time="22.798" classname="com.mmt.practise.TC_000gruops_test"/>
  <system-out>
    <![CDATA[created contacts]]>
  </system-out>
</testsuite> <!-- com.mmt.practise.TC_000gruops_test -->
