<?xml version="1.0" encoding="UTF-8"?>
<!-- Generated by org.testng.reporters.JUnitReportReporter -->
<testsuite skipped="0" hostname="LAPTOP-MNL8F5BN" name="com.SDETHYD_1.practise.TC_003_CreateOrgwith_DDTest" tests="1" failures="0" timestamp="2021-10-09T12:51:11 IST" time="14.820" errors="0">
  <testcase name="createorgwithDD" time="14.820" classname="com.SDETHYD_1.practise.TC_003_CreateOrgwith_DDTest"/>
  <system-out/>
</testsuite> <!-- com.SDETHYD_1.practise.TC_003_CreateOrgwith_DDTest -->
