<?xml version="1.0" encoding="UTF-8"?>
<!-- Generated by org.testng.reporters.JUnitReportReporter -->
<testsuite skipped="0" hostname="LAPTOP-MNL8F5BN" name="com.mmt.practise.crateorgwithddtTest" tests="1" failures="0" timestamp="2021-10-08T12:32:03 IST" time="0.007" errors="0">
  <testcase name="createorgwithDD" time="0.007" classname="com.mmt.practise.crateorgwithddtTest"/>
  <system-out/>
</testsuite> <!-- com.mmt.practise.crateorgwithddtTest -->
