<?xml version="1.0" encoding="UTF-8"?>
<!-- Generated by org.testng.reporters.JUnitReportReporter -->
<testsuite skipped="0" hostname="LAPTOP-MNL8F5BN" name="com.SDETHYD_1.practise.TC_007_CreateOrgwithWebTableTest" tests="1" failures="0" timestamp="2021-10-11T17:36:50 IST" time="47.365" errors="0">
  <testcase name="createorgwithDD" time="47.365" classname="com.SDETHYD_1.practise.TC_007_CreateOrgwithWebTableTest"/>
  <system-out/>
</testsuite> <!-- com.SDETHYD_1.practise.TC_007_CreateOrgwithWebTableTest -->
