<?xml version="1.0" encoding="UTF-8"?>
<!-- Generated by org.testng.reporters.JUnitReportReporter -->
<testsuite skipped="0" hostname="LAPTOP-MNL8F5BN" name="com.SDETHYD_1.practise.TC_004_CreateOrgwithDDTest" tests="1" failures="0" timestamp="2021-10-26T16:00:39 IST" time="23.392" errors="0">
  <testcase name="createorgwithDD" time="23.392" classname="com.SDETHYD_1.practise.TC_004_CreateOrgwithDDTest"/>
  <system-out/>
</testsuite> <!-- com.SDETHYD_1.practise.TC_004_CreateOrgwithDDTest -->
