<?xml version="1.0" encoding="UTF-8"?>
<!-- Generated by org.testng.reporters.JUnitReportReporter -->
<testsuite skipped="0" hostname="LAPTOP-MNL8F5BN" name="com.SDETHYD_1.practise.TC_008_WebTableTest" tests="1" failures="0" timestamp="2021-10-12T09:58:44 IST" time="50.494" errors="0">
  <testcase name="createorgwithDD" time="50.494" classname="com.SDETHYD_1.practise.TC_008_WebTableTest"/>
  <system-out/>
</testsuite> <!-- com.SDETHYD_1.practise.TC_008_WebTableTest -->
