<?xml version="1.0" encoding="UTF-8"?>
<!-- Generated by org.testng.reporters.JUnitReportReporter -->
<testsuite skipped="0" hostname="LAPTOP-MNL8F5BN" name="com.mmt.practise.TC_002_createcontactswith_DDTest" tests="1" failures="0" timestamp="2021-10-09T13:08:40 IST" time="27.860" errors="0">
  <testcase name="createOrgwith_DDTest" time="27.860" classname="com.mmt.practise.TC_002_createcontactswith_DDTest"/>
  <system-out/>
</testsuite> <!-- com.mmt.practise.TC_002_createcontactswith_DDTest -->
