<?xml version="1.0" encoding="UTF-8"?>
<!-- Generated by org.testng.reporters.JUnitReportReporter -->
<testsuite skipped="0" hostname="LAPTOP-MNL8F5BN" name="com.mmt.practise.AmazonDropDownTest" tests="1" failures="0" timestamp="2021-10-26T15:59:06 IST" time="33.990" errors="0">
  <testcase name="sample" time="33.990" classname="com.mmt.practise.AmazonDropDownTest"/>
  <system-out/>
</testsuite> <!-- com.mmt.practise.AmazonDropDownTest -->
