<?xml version="1.0" encoding="UTF-8"?>
<!-- Generated by org.testng.reporters.JUnitReportReporter -->
<testsuite skipped="0" hostname="LAPTOP-MNL8F5BN" name="com.priority.practise.priority1" tests="1" failures="0" timestamp="2021-10-22T14:42:19 IST" time="0.005" errors="0">
  <testcase name="createorg" time="0.005" classname="com.priority.practise.priority1"/>
  <system-out/>
</testsuite> <!-- com.priority.practise.priority1 -->
