<?xml version="1.0" encoding="UTF-8"?>
<!-- Generated by org.testng.reporters.JUnitReportReporter -->
<testsuite skipped="0" hostname="LAPTOP-MNL8F5BN" name="com.mmt.practise.TC_003_createcontactswindowtest" tests="1" failures="0" timestamp="2021-10-09T13:07:50 IST" time="27.050" errors="0">
  <testcase name="createOrgwith_DDTest" time="27.050" classname="com.mmt.practise.TC_003_createcontactswindowtest"/>
  <system-out/>
</testsuite> <!-- com.mmt.practise.TC_003_createcontactswindowtest -->
