<?xml version="1.0" encoding="UTF-8"?>
<!-- Generated by org.testng.reporters.JUnitReportReporter -->
<testsuite skipped="0" hostname="LAPTOP-MNL8F5BN" name="com.mmt.practise.createcontactswindowtest" tests="1" failures="0" timestamp="2021-10-06T16:57:48 IST" time="13.674" errors="0">
  <testcase name="createOrgwith_DDTest" time="13.674" classname="com.mmt.practise.createcontactswindowtest"/>
  <system-out/>
</testsuite> <!-- com.mmt.practise.createcontactswindowtest -->
