<?xml version="1.0" encoding="UTF-8"?>
<!-- Generated by org.testng.reporters.JUnitReportReporter -->
<testsuite skipped="0" hostname="LAPTOP-MNL8F5BN" name="com.mmt.practise.TC_001_createOrgwith_DDTest" tests="1" failures="0" timestamp="2021-10-09T12:59:30 IST" time="25.892" errors="0">
  <testcase name="createorgwithDD" time="25.892" classname="com.mmt.practise.TC_001_createOrgwith_DDTest"/>
  <system-out/>
</testsuite> <!-- com.mmt.practise.TC_001_createOrgwith_DDTest -->
