<?xml version="1.0" encoding="UTF-8"?>
<!-- Generated by org.testng.reporters.JUnitReportReporter -->
<testsuite skipped="0" hostname="LAPTOP-MNL8F5BN" name="com.SDETHYD_1.practise.TC_005_CreateOrgwith_DDTest" tests="1" failures="0" timestamp="2021-10-11T10:37:38 IST" time="16.698" errors="0">
  <testcase name="createorgwithDD" time="16.698" classname="com.SDETHYD_1.practise.TC_005_CreateOrgwith_DDTest"/>
  <system-out/>
</testsuite> <!-- com.SDETHYD_1.practise.TC_005_CreateOrgwith_DDTest -->
